<?xml version="1.0" encoding="UTF-8"?>
<!-- Generated by org.testng.reporters.JUnitXMLReporter -->
<testsuite ignored="2" hostname="LAPTOP-88JOOBUG" failures="0" tests="1" name="Default test" time="12.33" errors="0" timestamp="2025-02-20T16:11:58 IST">
  <testcase classname="com.ui.tests.LoginTest" name="loginExcelTest" time="2.806"/>
  <testcase classname="com.ui.tests.LoginTest" name="loginTest" time="0.0">
    <ignored/>
  </testcase> <!-- loginTest -->
  <testcase classname="com.ui.tests.LoginTest" name="loginCSVTest" time="0.0">
    <ignored/>
  </testcase> <!-- loginCSVTest -->
</testsuite> <!-- Default test -->
