<?xml version="1.0" encoding="UTF-8"?>
<testng-results ignored="0" total="1" passed="1" failed="0" skipped="0">
  <reporter-output>
  </reporter-output>
  <suite started-at="2025-02-26T12:47:08 IST" name="Default suite" finished-at="2025-02-26T12:47:31 IST" duration-ms="23028">
    <groups>
      <group name="smoke">
        <method signature="ProductCheckOutTest.checkOutTest()[pri:0, instance:com.ui.tests.ProductCheckOutTest@2c4d1ac]" name="checkOutTest" class="com.ui.tests.ProductCheckOutTest"/>
      </group> <!-- smoke -->
      <group name="sanity">
        <method signature="ProductCheckOutTest.checkOutTest()[pri:0, instance:com.ui.tests.ProductCheckOutTest@2c4d1ac]" name="checkOutTest" class="com.ui.tests.ProductCheckOutTest"/>
      </group> <!-- sanity -->
      <group name="e2e">
        <method signature="ProductCheckOutTest.checkOutTest()[pri:0, instance:com.ui.tests.ProductCheckOutTest@2c4d1ac]" name="checkOutTest" class="com.ui.tests.ProductCheckOutTest"/>
      </group> <!-- e2e -->
    </groups>
    <test started-at="2025-02-26T12:47:08 IST" name="Default test" finished-at="2025-02-26T12:47:31 IST" duration-ms="23028">
      <class name="com.ui.tests.ProductCheckOutTest">
        <test-method is-config="true" signature="setUp(java.lang.String,boolean,boolean,org.testng.ITestResult)[pri:0, instance:com.ui.tests.ProductCheckOutTest@2c4d1ac]" started-at="2025-02-26T12:47:08 IST" name="setUp" description="Invokes Browser and Loads the homepage of website" finished-at="2025-02-26T12:47:15 IST" duration-ms="7854" status="PASS">
          <params>
            <param index="0">
              <value>
                <![CDATA[chrome]]>
              </value>
            </param>
            <param index="1">
              <value>
                <![CDATA[false]]>
              </value>
            </param>
            <param index="2">
              <value>
                <![CDATA[false]]>
              </value>
            </param>
            <param index="3">
              <value>
                <![CDATA[[TestResult name={null} status=CREATED method=ProductCheckOutTest.checkOutTest()[pri:0, instance:com.ui.tests.ProductCheckOutTest@2c4d1ac] output={null}]]]>
              </value>
            </param>
          </params>
          <reporter-output>
          </reporter-output>
        </test-method> <!-- setUp -->
        <test-method is-config="true" signature="setUp()[pri:0, instance:com.ui.tests.ProductCheckOutTest@2c4d1ac]" started-at="2025-02-26T12:47:15 IST" name="setUp" description="User logs into application and search for product" finished-at="2025-02-26T12:47:20 IST" duration-ms="4278" status="PASS">
          <reporter-output>
          </reporter-output>
        </test-method> <!-- setUp -->
        <test-method signature="checkOutTest()[pri:0, instance:com.ui.tests.ProductCheckOutTest@2c4d1ac]" started-at="2025-02-26T12:47:20 IST" name="checkOutTest" description="Verify logged user able to make product purchase" finished-at="2025-02-26T12:47:31 IST" duration-ms="10830" status="PASS">
          <reporter-output>
          </reporter-output>
        </test-method> <!-- checkOutTest -->
      </class> <!-- com.ui.tests.ProductCheckOutTest -->
    </test> <!-- Default test -->
  </suite> <!-- Default suite -->
</testng-results>
